[INFO] Scanning for projects...
[INFO] 
[INFO] ------------------------< com.example:backend >-------------------------
[INFO] Building avis-backend 0.0.1-SNAPSHOT
[INFO]   from pom.xml
[INFO] --------------------------------[ jar ]---------------------------------
[INFO] 
[INFO] --- clean:3.5.0:clean (default-clean) @ backend ---
[INFO] Deleting C:\Users\adria\Desktop\TFG\ProyectoIntermodularDAM\target
[INFO] 
[INFO] --- resources:3.3.1:resources (default-resources) @ backend ---
[INFO] Copying 1 resource from server\src\main\resources to target\classes
[INFO] 
[INFO] --- compiler:3.14.1:compile (default-compile) @ backend ---
[INFO] Recompiling the module because of changed source code.
[INFO] Compiling 37 source files with javac [debug parameters release 21] to target\classes
[INFO] -------------------------------------------------------------
[ERROR] COMPILATION ERROR : 
[INFO] -------------------------------------------------------------
[ERROR] /C:/Users/adria/Desktop/TFG/ProyectoIntermodularDAM/server/src/main/java/com/intermodular/server/controller/AuthController.java:[15,2] cannot find symbol
  symbol: class Slf4j
[ERROR] /C:/Users/adria/Desktop/TFG/ProyectoIntermodularDAM/server/src/main/java/com/intermodular/server/service/AuthService.java:[17,2] cannot find symbol
  symbol: class Slf4j
[ERROR] /C:/Users/adria/Desktop/TFG/ProyectoIntermodularDAM/server/src/main/java/com/intermodular/server/security/SecurityContextRepository.java:[16,2] cannot find symbol
  symbol: class AllArgsConstructor
[INFO] 3 errors 
[INFO] -------------------------------------------------------------
[INFO] ------------------------------------------------------------------------
[INFO] BUILD FAILURE
[INFO] ------------------------------------------------------------------------
[INFO] Total time:  3.792 s
[INFO] Finished at: 2026-03-02T10:59:10+01:00
[INFO] ------------------------------------------------------------------------
[ERROR] Failed to execute goal org.apache.maven.plugins:maven-compiler-plugin:3.14.1:compile (default-compile) on project backend: Compilation failure: Compilation failure: 
[ERROR] /C:/Users/adria/Desktop/TFG/ProyectoIntermodularDAM/server/src/main/java/com/intermodular/server/controller/AuthController.java:[15,2] cannot find symbol
[ERROR]   symbol: class Slf4j
[ERROR] /C:/Users/adria/Desktop/TFG/ProyectoIntermodularDAM/server/src/main/java/com/intermodular/server/service/AuthService.java:[17,2] cannot find symbol
[ERROR]   symbol: class Slf4j
[ERROR] /C:/Users/adria/Desktop/TFG/ProyectoIntermodularDAM/server/src/main/java/com/intermodular/server/security/SecurityContextRepository.java:[16,2] cannot find symbol
[ERROR]   symbol: class AllArgsConstructor
[ERROR] -> [Help 1]
[ERROR] 
[ERROR] To see the full stack trace of the errors, re-run Maven with the -e switch.
[ERROR] Re-run Maven using the -X switch to enable full debug logging.
[ERROR] 
[ERROR] For more information about the errors and possible solutions, please read the following articles:
[ERROR] [Help 1] http://cwiki.apache.org/confluence/display/MAVEN/MojoFailureException
